2024-07-10 21:36:17 INFO  org.example.Main - Application starting...
2024-07-10 15:12:22 INFO  org.example.connection.DBConnection - Connection to the database established successfully.
2024-07-10 15:12:22 INFO  org.example.connection.DBConnection - Connection to the database established successfully.
2024-07-10 15:12:22 INFO  org.example.connection.DBConnection - Connection to the database established successfully.
2024-07-10 15:12:22 INFO  org.example.connection.DBConnection - Connection to the database established successfully.
2024-07-10 15:12:22 INFO  org.example.connection.DBConnection - Connection to the database established successfully.
2024-07-10 15:12:22 INFO  org.example.connection.DBConnection - Connection to the database established successfully.
2024-07-10 15:12:22 INFO  org.example.connection.DBConnection - Connection to the database established successfully.
2024-07-10 15:12:22 INFO  org.example.connection.DBConnection - Connection to the database established successfully.
2024-07-10 15:12:22 INFO  org.example.controller.Start - Starting Task Management application
2024-07-10 21:36:33 INFO  org.example.connection.DBConnection - Connection to the database established successfully.
2024-07-10 21:36:34 INFO  org.example.controller.Start - Login successful for user: Neel
2024-07-10 21:36:34 INFO  org.example.controller.Start - User Neel has ADMIN role
2024-07-10 21:37:40 INFO  org.example.Main - Application started successfully.
2024-07-10 21:37:58 INFO  org.example.Main - Application starting...
2024-07-10 21:37:58 INFO  org.example.connection.DBConnection - Connection to the database established successfully.
2024-07-10 21:37:58 INFO  org.example.connection.DBConnection - Connection to the database established successfully.
2024-07-10 21:37:58 INFO  org.example.connection.DBConnection - Connection to the database established successfully.
2024-07-10 21:37:58 INFO  org.example.connection.DBConnection - Connection to the database established successfully.
2024-07-10 21:37:58 INFO  org.example.connection.DBConnection - Connection to the database established successfully.
2024-07-10 21:37:58 INFO  org.example.connection.DBConnection - Connection to the database established successfully.
2024-07-10 21:37:58 INFO  org.example.connection.DBConnection - Connection to the database established successfully.
2024-07-10 21:37:58 INFO  org.example.connection.DBConnection - Connection to the database established successfully.
2024-07-10 21:37:58 INFO  org.example.controller.Start - Starting Task Management application
2024-07-10 21:38:18 INFO  org.example.connection.DBConnection - Connection to the database established successfully.
2024-07-10 21:38:18 INFO  org.example.controller.Start - Login successful for user: null
2024-07-10 21:38:18 ERROR org.example.Main - Error starting the application.
java.lang.NullPointerException: Cannot invoke "org.example.model.Role.equals(Object)" because the return value of "org.example.model.Users.getUser_role()" is null
	at org.example.controller.Start.startApplication(Start.java:41)
	at org.example.Main.main(Main.java:15)
2024-07-10 21:38:21 INFO  org.example.Main - Application starting...
2024-07-10 21:38:21 INFO  org.example.connection.DBConnection - Connection to the database established successfully.
2024-07-10 21:38:21 INFO  org.example.connection.DBConnection - Connection to the database established successfully.
2024-07-10 21:38:21 INFO  org.example.connection.DBConnection - Connection to the database established successfully.
2024-07-10 21:38:21 INFO  org.example.connection.DBConnection - Connection to the database established successfully.
2024-07-10 21:38:22 INFO  org.example.connection.DBConnection - Connection to the database established successfully.
2024-07-10 21:38:22 INFO  org.example.connection.DBConnection - Connection to the database established successfully.
2024-07-10 21:38:22 INFO  org.example.connection.DBConnection - Connection to the database established successfully.
2024-07-10 21:38:22 INFO  org.example.connection.DBConnection - Connection to the database established successfully.
2024-07-10 21:38:22 INFO  org.example.controller.Start - Starting Task Management application
2024-07-10 21:38:48 INFO  org.example.connection.DBConnection - Connection to the database established successfully.
2024-07-10 21:38:48 INFO  org.example.controller.Start - Login successful for user: Neel
2024-07-10 21:38:48 INFO  org.example.controller.Start - User Neel has ADMIN role
2024-07-10 21:39:13 INFO  org.example.connection.DBConnection - Connection to the database established successfully.
2024-07-10 22:34:30 INFO  org.example.Main - Application starting...
2024-07-10 22:34:30 INFO  org.example.connection.DBConnection - Connection to the database established successfully.
2024-07-10 22:34:30 INFO  org.example.connection.DBConnection - Connection to the database established successfully.
2024-07-10 22:34:30 INFO  org.example.connection.DBConnection - Connection to the database established successfully.
2024-07-10 22:34:30 INFO  org.example.connection.DBConnection - Connection to the database established successfully.
2024-07-10 22:34:30 INFO  org.example.connection.DBConnection - Connection to the database established successfully.
2024-07-10 22:34:30 INFO  org.example.connection.DBConnection - Connection to the database established successfully.
2024-07-10 22:34:30 INFO  org.example.connection.DBConnection - Connection to the database established successfully.
2024-07-10 22:34:30 INFO  org.example.connection.DBConnection - Connection to the database established successfully.
2024-07-10 22:34:30 INFO  org.example.controller.Start - Starting Task Management application
2024-07-10 22:34:44 INFO  org.example.connection.DBConnection - Connection to the database established successfully.
2024-07-10 22:34:44 INFO  org.example.controller.Start - Login successful for user: null
2024-07-10 22:34:44 ERROR org.example.Main - Error starting the application.
java.lang.NullPointerException: Cannot invoke "org.example.model.Role.equals(Object)" because the return value of "org.example.model.Users.getUser_role()" is null
	at org.example.controller.Start.startApplication(Start.java:41)
	at org.example.Main.main(Main.java:15)
2024-07-10 22:34:47 INFO  org.example.Main - Application starting...
2024-07-10 22:34:48 INFO  org.example.connection.DBConnection - Connection to the database established successfully.
2024-07-10 22:34:48 INFO  org.example.connection.DBConnection - Connection to the database established successfully.
2024-07-10 22:34:48 INFO  org.example.connection.DBConnection - Connection to the database established successfully.
2024-07-10 22:34:48 INFO  org.example.connection.DBConnection - Connection to the database established successfully.
2024-07-10 22:34:48 INFO  org.example.connection.DBConnection - Connection to the database established successfully.
2024-07-10 22:34:48 INFO  org.example.connection.DBConnection - Connection to the database established successfully.
2024-07-10 22:34:48 INFO  org.example.connection.DBConnection - Connection to the database established successfully.
2024-07-10 22:34:48 INFO  org.example.connection.DBConnection - Connection to the database established successfully.
2024-07-10 22:34:48 INFO  org.example.controller.Start - Starting Task Management application
2024-07-10 22:35:01 INFO  org.example.connection.DBConnection - Connection to the database established successfully.
2024-07-10 22:35:01 INFO  org.example.controller.Start - Login successful for user: Neel
2024-07-10 22:35:01 INFO  org.example.controller.Start - User Neel has ADMIN role
2024-07-10 22:35:04 INFO  org.example.connection.DBConnection - Connection to the database established successfully.
2024-07-10 22:35:57 INFO  org.example.connection.DBConnection - Connection to the database established successfully.
2024-07-10 22:36:06 INFO  org.example.Main - Application started successfully.
2024-07-10 22:54:23 INFO  org.example.Main - Application starting...
2024-07-10 22:54:23 INFO  org.example.connection.DBConnection - Connection to the database established successfully.
2024-07-10 22:54:23 INFO  org.example.connection.DBConnection - Connection to the database established successfully.
2024-07-10 22:54:23 INFO  org.example.connection.DBConnection - Connection to the database established successfully.
